This file contains any messages produced by compilers while
running configure, to aid debugging if configure makes a mistake.

It was created by configure, which was
generated by GNU Autoconf 2.65.  Invocation command line was

  $ ./configure 

## --------- ##
## Platform. ##
## --------- ##

hostname = annie
uname -m = i686
uname -r = 2.6.32-27-generic
uname -s = Linux
uname -v = #49-Ubuntu SMP Wed Dec 1 23:52:12 UTC 2010

/usr/bin/uname -p = unknown
/bin/uname -X     = unknown

/bin/arch              = unknown
/usr/bin/arch -k       = unknown
/usr/convex/getsysinfo = unknown
/usr/bin/hostinfo      = unknown
/bin/machine           = unknown
/usr/bin/oslevel       = unknown
/bin/universe          = unknown

PATH: /usr/local/sbin
PATH: /usr/local/bin
PATH: /usr/sbin
PATH: /usr/bin
PATH: /sbin
PATH: /bin
PATH: /usr/games
PATH: /home/lavi/bin


## ----------- ##
## Core tests. ##
## ----------- ##

configure:2282: configuring gst-plugin for development with nano 1
configure:2322: checking whether to enable maintainer-specific portions of Makefiles
configure:2331: result: no
configure:2384: checking for a BSD-compatible install
configure:2452: result: /usr/bin/install -c
configure:2463: checking whether build environment is sane
configure:2513: result: yes
configure:2654: checking for a thread-safe mkdir -p
configure:2693: result: /bin/mkdir -p
configure:2706: checking for gawk
configure:2722: found /usr/bin/gawk
configure:2733: result: gawk
configure:2744: checking whether make sets $(MAKE)
configure:2766: result: yes
configure:2901: checking for gcc
configure:2917: found /usr/bin/gcc
configure:2928: result: gcc
configure:3157: checking for C compiler version
configure:3166: gcc --version >&5
gcc (Ubuntu 4.4.3-4ubuntu5) 4.4.3
Copyright (C) 2009 Free Software Foundation, Inc.
This is free software; see the source for copying conditions.  There is NO
warranty; not even for MERCHANTABILITY or FITNESS FOR A PARTICULAR PURPOSE.

configure:3177: $? = 0
configure:3166: gcc -v >&5
Using built-in specs.
Target: i486-linux-gnu
Configured with: ../src/configure -v --with-pkgversion='Ubuntu 4.4.3-4ubuntu5' --with-bugurl=file:///usr/share/doc/gcc-4.4/README.Bugs --enable-languages=c,c++,fortran,objc,obj-c++ --prefix=/usr --enable-shared --enable-multiarch --enable-linker-build-id --with-system-zlib --libexecdir=/usr/lib --without-included-gettext --enable-threads=posix --with-gxx-include-dir=/usr/include/c++/4.4 --program-suffix=-4.4 --enable-nls --enable-clocale=gnu --enable-libstdcxx-debug --enable-plugin --enable-objc-gc --enable-targets=all --disable-werror --with-arch-32=i486 --with-tune=generic --enable-checking=release --build=i486-linux-gnu --host=i486-linux-gnu --target=i486-linux-gnu
Thread model: posix
gcc version 4.4.3 (Ubuntu 4.4.3-4ubuntu5) 
configure:3177: $? = 0
configure:3166: gcc -V >&5
gcc: '-V' option must have argument
configure:3177: $? = 1
configure:3166: gcc -qversion >&5
gcc: unrecognized option '-qversion'
gcc: no input files
configure:3177: $? = 1
configure:3197: checking whether the C compiler works
configure:3219: gcc    conftest.c  >&5
configure:3223: $? = 0
configure:3272: result: yes
configure:3275: checking for C compiler default output file name
configure:3277: result: a.out
configure:3283: checking for suffix of executables
configure:3290: gcc -o conftest    conftest.c  >&5
configure:3294: $? = 0
configure:3316: result: 
configure:3338: checking whether we are cross compiling
configure:3346: gcc -o conftest    conftest.c  >&5
configure:3350: $? = 0
configure:3357: ./conftest
configure:3361: $? = 0
configure:3376: result: no
configure:3381: checking for suffix of object files
configure:3403: gcc -c   conftest.c >&5
configure:3407: $? = 0
configure:3428: result: o
configure:3432: checking whether we are using the GNU C compiler
configure:3451: gcc -c   conftest.c >&5
configure:3451: $? = 0
configure:3460: result: yes
configure:3469: checking whether gcc accepts -g
configure:3489: gcc -c -g  conftest.c >&5
configure:3489: $? = 0
configure:3530: result: yes
configure:3547: checking for gcc option to accept ISO C89
configure:3611: gcc  -c -g -O2  conftest.c >&5
configure:3611: $? = 0
configure:3624: result: none needed
configure:3655: checking for style of include used by make
configure:3683: result: GNU
configure:3708: checking dependency style of gcc
configure:3818: result: gcc3
configure:3862: checking build system type
configure:3876: result: i686-pc-linux-gnu
configure:3896: checking host system type
configure:3909: result: i686-pc-linux-gnu
configure:3929: checking for a sed that does not truncate output
configure:3993: result: /bin/sed
configure:4011: checking for grep that handles long lines and -e
configure:4069: result: /bin/grep
configure:4074: checking for egrep
configure:4136: result: /bin/grep -E
configure:4141: checking for fgrep
configure:4203: result: /bin/grep -F
configure:4238: checking for ld used by gcc
configure:4305: result: /usr/bin/ld
configure:4312: checking if the linker (/usr/bin/ld) is GNU ld
configure:4327: result: yes
configure:4339: checking for BSD- or MS-compatible name lister (nm)
configure:4388: result: /usr/bin/nm -B
configure:4506: checking the name lister (/usr/bin/nm -B) interface
configure:4513: gcc -c -g -O2  conftest.c >&5
configure:4516: /usr/bin/nm -B "conftest.o"
configure:4519: output
00000000 B some_variable
configure:4526: result: BSD nm
configure:4529: checking whether ln -s works
configure:4533: result: yes
configure:4541: checking the maximum length of command line arguments
configure:4661: result: 1572864
configure:4678: checking whether the shell understands some XSI constructs
configure:4688: result: yes
configure:4692: checking whether the shell understands "+="
configure:4698: result: yes
configure:4733: checking for /usr/bin/ld option to reload object files
configure:4740: result: -r
configure:4809: checking for objdump
configure:4825: found /usr/bin/objdump
configure:4836: result: objdump
configure:4868: checking how to recognize dependent libraries
configure:5064: result: pass_all
configure:5124: checking for ar
configure:5140: found /usr/bin/ar
configure:5151: result: ar
configure:5229: checking for strip
configure:5245: found /usr/bin/strip
configure:5256: result: strip
configure:5328: checking for ranlib
configure:5344: found /usr/bin/ranlib
configure:5355: result: ranlib
configure:5445: checking command to parse /usr/bin/nm -B output from gcc object
configure:5563: gcc -c -g -O2  conftest.c >&5
configure:5566: $? = 0
configure:5570: /usr/bin/nm -B conftest.o \| sed -n -e 's/^.*[	 ]\([ABCDGIRSTW][ABCDGIRSTW]*\)[	 ][	 ]*\([_A-Za-z][_A-Za-z0-9]*\)$/\1 \2 \2/p' \> conftest.nm
configure:5573: $? = 0
configure:5627: gcc -o conftest -g -O2   conftest.c conftstm.o >&5
configure:5630: $? = 0
configure:5668: result: ok
configure:6477: checking how to run the C preprocessor
configure:6508: gcc -E  conftest.c
configure:6508: $? = 0
configure:6522: gcc -E  conftest.c
conftest.c:15:28: error: ac_nonexistent.h: No such file or directory
configure:6522: $? = 1
configure: failed program was:
| /* confdefs.h */
| #define PACKAGE_NAME ""
| #define PACKAGE_TARNAME ""
| #define PACKAGE_VERSION ""
| #define PACKAGE_STRING ""
| #define PACKAGE_BUGREPORT ""
| #define PACKAGE_URL ""
| #define GST_PLUGIN_VERSION "0.10.0.1"
| #define GST_PLUGIN_VERSION_RELEASE "0.20110103.152847"
| #define PACKAGE "gst-plugin"
| #define VERSION "0.10.0.1"
| #define PACKAGE "gst-plugin"
| #define VERSION "0.10.0.1"
| /* end confdefs.h.  */
| #include <ac_nonexistent.h>
configure:6547: result: gcc -E
configure:6567: gcc -E  conftest.c
configure:6567: $? = 0
configure:6581: gcc -E  conftest.c
conftest.c:15:28: error: ac_nonexistent.h: No such file or directory
configure:6581: $? = 1
configure: failed program was:
| /* confdefs.h */
| #define PACKAGE_NAME ""
| #define PACKAGE_TARNAME ""
| #define PACKAGE_VERSION ""
| #define PACKAGE_STRING ""
| #define PACKAGE_BUGREPORT ""
| #define PACKAGE_URL ""
| #define GST_PLUGIN_VERSION "0.10.0.1"
| #define GST_PLUGIN_VERSION_RELEASE "0.20110103.152847"
| #define PACKAGE "gst-plugin"
| #define VERSION "0.10.0.1"
| #define PACKAGE "gst-plugin"
| #define VERSION "0.10.0.1"
| /* end confdefs.h.  */
| #include <ac_nonexistent.h>
configure:6610: checking for ANSI C header files
configure:6630: gcc -c -g -O2  conftest.c >&5
configure:6630: $? = 0
configure:6703: gcc -o conftest -g -O2   conftest.c  >&5
configure:6703: $? = 0
configure:6703: ./conftest
configure:6703: $? = 0
configure:6714: result: yes
configure:6727: checking for sys/types.h
configure:6727: gcc -c -g -O2  conftest.c >&5
configure:6727: $? = 0
configure:6727: result: yes
configure:6727: checking for sys/stat.h
configure:6727: gcc -c -g -O2  conftest.c >&5
configure:6727: $? = 0
configure:6727: result: yes
configure:6727: checking for stdlib.h
configure:6727: gcc -c -g -O2  conftest.c >&5
configure:6727: $? = 0
configure:6727: result: yes
configure:6727: checking for string.h
configure:6727: gcc -c -g -O2  conftest.c >&5
configure:6727: $? = 0
configure:6727: result: yes
configure:6727: checking for memory.h
configure:6727: gcc -c -g -O2  conftest.c >&5
configure:6727: $? = 0
configure:6727: result: yes
configure:6727: checking for strings.h
configure:6727: gcc -c -g -O2  conftest.c >&5
configure:6727: $? = 0
configure:6727: result: yes
configure:6727: checking for inttypes.h
configure:6727: gcc -c -g -O2  conftest.c >&5
configure:6727: $? = 0
configure:6727: result: yes
configure:6727: checking for stdint.h
configure:6727: gcc -c -g -O2  conftest.c >&5
configure:6727: $? = 0
configure:6727: result: yes
configure:6727: checking for unistd.h
configure:6727: gcc -c -g -O2  conftest.c >&5
configure:6727: $? = 0
configure:6727: result: yes
configure:6742: checking for dlfcn.h
configure:6742: gcc -c -g -O2  conftest.c >&5
configure:6742: $? = 0
configure:6742: result: yes
configure:6926: checking for objdir
configure:6941: result: .libs
configure:7233: checking if gcc supports -fno-rtti -fno-exceptions
configure:7251: gcc -c -g -O2  -fno-rtti -fno-exceptions conftest.c >&5
cc1: warning: command line option "-fno-rtti" is valid for C++/ObjC++ but not for C
configure:7255: $? = 0
configure:7268: result: no
configure:7288: checking for gcc option to produce PIC
configure:7560: result: -fPIC -DPIC
configure:7572: checking if gcc PIC flag -fPIC -DPIC works
configure:7590: gcc -c -g -O2  -fPIC -DPIC -DPIC conftest.c >&5
configure:7594: $? = 0
configure:7607: result: yes
configure:7631: checking if gcc static flag -static works
configure:7659: result: yes
configure:7674: checking if gcc supports -c -o file.o
configure:7695: gcc -c -g -O2  -o out/conftest2.o conftest.c >&5
configure:7699: $? = 0
configure:7721: result: yes
configure:7729: checking if gcc supports -c -o file.o
configure:7776: result: yes
configure:7809: checking whether the gcc linker (/usr/bin/ld) supports shared libraries
configure:8800: result: yes
configure:8837: checking whether -lc should be explicitly linked in
configure:8842: gcc -c -g -O2  conftest.c >&5
configure:8845: $? = 0
configure:8860: gcc -shared conftest.o  -v -Wl,-soname -Wl,conftest -o conftest 2\>\&1 \| /bin/grep  -lc  \>/dev/null 2\>\&1
configure:8863: $? = 0
configure:8875: result: no
configure:9039: checking dynamic linker characteristics
configure:9472: gcc -o conftest -g -O2   -Wl,-rpath -Wl,/foo conftest.c  >&5
configure:9472: $? = 0
configure:9702: result: GNU/Linux ld.so
configure:9804: checking how to hardcode library paths into programs
configure:9829: result: immediate
configure:10349: checking whether stripping libraries is possible
configure:10354: result: yes
configure:10389: checking if libtool supports shared libraries
configure:10391: result: yes
configure:10394: checking whether to build shared libraries
configure:10415: result: yes
configure:10418: checking whether to build static libraries
configure:10422: result: yes
configure:10460: checking to see if compiler understands -Wall
configure:10477: gcc -c -g -O2 -Wall  conftest.c >&5
configure:10477: $? = 0
configure:10492: result: yes
configure:10501: checking to see if compiler understands -Werror
configure:10518: gcc -c -g -O2 -Werror  conftest.c >&5
configure:10518: $? = 0
configure:10533: result: yes
configure:10541: checking for pkg-config
configure:10557: found /usr/bin/pkg-config
configure:10569: result: yes
configure:10633: checking for pkg-config
configure:10651: found /usr/bin/pkg-config
configure:10663: result: /usr/bin/pkg-config
configure:10688: checking pkg-config is at least version 0.9.0
configure:10691: result: yes
configure:10702: checking for GST
configure:10711: $PKG_CONFIG --exists --print-errors "\
  gstreamer-$GST_MAJORMINOR >= $GST_REQUIRED"
configure:10715: $? = 0
configure:10732: $PKG_CONFIG --exists --print-errors "\
  gstreamer-$GST_MAJORMINOR >= $GST_REQUIRED"
configure:10736: $? = 0
configure:10775: result: yes
configure:10793: checking for GST_BASE
configure:10801: $PKG_CONFIG --exists --print-errors "gstreamer-base-$GST_MAJORMINOR >= $GST_REQUIRED"
configure:10804: $? = 0
configure:10819: $PKG_CONFIG --exists --print-errors "gstreamer-base-$GST_MAJORMINOR >= $GST_REQUIRED"
configure:10822: $? = 0
configure:10858: result: yes
configure:10873: checking for OPENCV
configure:10881: $PKG_CONFIG --exists --print-errors "opencv"
configure:10884: $? = 0
configure:10899: $PKG_CONFIG --exists --print-errors "opencv"
configure:10902: $? = 0
configure:10938: result: yes
configure:10953: checking for GSTPB_BASE
configure:10961: $PKG_CONFIG --exists --print-errors "gstreamer-plugins-base-$GST_MAJORMINOR >= $GSTPB_REQUIRED"
configure:10964: $? = 0
configure:10979: $PKG_CONFIG --exists --print-errors "gstreamer-plugins-base-$GST_MAJORMINOR >= $GSTPB_REQUIRED"
configure:10982: $? = 0
configure:11018: result: yes
configure:11033: checking for GSTCTRL
configure:11041: $PKG_CONFIG --exists --print-errors "gstreamer-controller-$GST_MAJORMINOR >= $GSTPB_REQUIRED"
configure:11044: $? = 0
configure:11059: $PKG_CONFIG --exists --print-errors "gstreamer-controller-$GST_MAJORMINOR >= $GSTPB_REQUIRED"
configure:11062: $? = 0
configure:11098: result: yes
configure:11245: creating ./config.status

## ---------------------- ##
## Running config.status. ##
## ---------------------- ##

This file was extended by config.status, which was
generated by GNU Autoconf 2.65.  Invocation command line was

  CONFIG_FILES    = 
  CONFIG_HEADERS  = 
  CONFIG_LINKS    = 
  CONFIG_COMMANDS = 
  $ ./config.status 

on annie

config.status:1094: creating Makefile
config.status:1094: creating m4/Makefile
config.status:1094: creating src/Makefile
config.status:1094: creating config.h
config.status:1314: executing depfiles commands
config.status:1314: executing libtool commands

## ---------------- ##
## Cache variables. ##
## ---------------- ##

ac_cv_build=i686-pc-linux-gnu
ac_cv_c_compiler_gnu=yes
ac_cv_env_CC_set=
ac_cv_env_CC_value=
ac_cv_env_CFLAGS_set=
ac_cv_env_CFLAGS_value=
ac_cv_env_CPPFLAGS_set=
ac_cv_env_CPPFLAGS_value=
ac_cv_env_CPP_set=
ac_cv_env_CPP_value=
ac_cv_env_GSTCTRL_CFLAGS_set=
ac_cv_env_GSTCTRL_CFLAGS_value=
ac_cv_env_GSTCTRL_LIBS_set=
ac_cv_env_GSTCTRL_LIBS_value=
ac_cv_env_GSTPB_BASE_CFLAGS_set=
ac_cv_env_GSTPB_BASE_CFLAGS_value=
ac_cv_env_GSTPB_BASE_LIBS_set=
ac_cv_env_GSTPB_BASE_LIBS_value=
ac_cv_env_GST_BASE_CFLAGS_set=
ac_cv_env_GST_BASE_CFLAGS_value=
ac_cv_env_GST_BASE_LIBS_set=
ac_cv_env_GST_BASE_LIBS_value=
ac_cv_env_GST_CFLAGS_set=
ac_cv_env_GST_CFLAGS_value=
ac_cv_env_GST_LIBS_set=
ac_cv_env_GST_LIBS_value=
ac_cv_env_LDFLAGS_set=
ac_cv_env_LDFLAGS_value=
ac_cv_env_LIBS_set=
ac_cv_env_LIBS_value=
ac_cv_env_OPENCV_CFLAGS_set=
ac_cv_env_OPENCV_CFLAGS_value=
ac_cv_env_OPENCV_LIBS_set=
ac_cv_env_OPENCV_LIBS_value=
ac_cv_env_PKG_CONFIG_set=
ac_cv_env_PKG_CONFIG_value=
ac_cv_env_build_alias_set=
ac_cv_env_build_alias_value=
ac_cv_env_host_alias_set=
ac_cv_env_host_alias_value=
ac_cv_env_target_alias_set=
ac_cv_env_target_alias_value=
ac_cv_header_dlfcn_h=yes
ac_cv_header_inttypes_h=yes
ac_cv_header_memory_h=yes
ac_cv_header_stdc=yes
ac_cv_header_stdint_h=yes
ac_cv_header_stdlib_h=yes
ac_cv_header_string_h=yes
ac_cv_header_strings_h=yes
ac_cv_header_sys_stat_h=yes
ac_cv_header_sys_types_h=yes
ac_cv_header_unistd_h=yes
ac_cv_host=i686-pc-linux-gnu
ac_cv_objext=o
ac_cv_path_EGREP='/bin/grep -E'
ac_cv_path_FGREP='/bin/grep -F'
ac_cv_path_GREP=/bin/grep
ac_cv_path_SED=/bin/sed
ac_cv_path_ac_pt_PKG_CONFIG=/usr/bin/pkg-config
ac_cv_path_install='/usr/bin/install -c'
ac_cv_path_mkdir=/bin/mkdir
ac_cv_prog_AWK=gawk
ac_cv_prog_CPP='gcc -E'
ac_cv_prog_HAVE_PKGCONFIG=yes
ac_cv_prog_ac_ct_AR=ar
ac_cv_prog_ac_ct_CC=gcc
ac_cv_prog_ac_ct_OBJDUMP=objdump
ac_cv_prog_ac_ct_RANLIB=ranlib
ac_cv_prog_ac_ct_STRIP=strip
ac_cv_prog_cc_c89=
ac_cv_prog_cc_g=yes
ac_cv_prog_make_make_set=yes
am_cv_CC_dependencies_compiler_type=gcc3
lt_cv_deplibs_check_method=pass_all
lt_cv_file_magic_cmd='$MAGIC_CMD'
lt_cv_file_magic_test_file=
lt_cv_ld_reload_flag=-r
lt_cv_nm_interface='BSD nm'
lt_cv_objdir=.libs
lt_cv_path_LD=/usr/bin/ld
lt_cv_path_NM='/usr/bin/nm -B'
lt_cv_prog_compiler_c_o=yes
lt_cv_prog_compiler_pic_works=yes
lt_cv_prog_compiler_rtti_exceptions=no
lt_cv_prog_compiler_static_works=yes
lt_cv_prog_gnu_ld=yes
lt_cv_sys_global_symbol_pipe='sed -n -e '\''s/^.*[	 ]\([ABCDGIRSTW][ABCDGIRSTW]*\)[	 ][	 ]*\([_A-Za-z][_A-Za-z0-9]*\)$/\1 \2 \2/p'\'''
lt_cv_sys_global_symbol_to_c_name_address='sed -n -e '\''s/^: \([^ ]*\) $/  {\"\1\", (void *) 0},/p'\'' -e '\''s/^[ABCDGIRSTW]* \([^ ]*\) \([^ ]*\)$/  {"\2", (void *) \&\2},/p'\'''
lt_cv_sys_global_symbol_to_c_name_address_lib_prefix='sed -n -e '\''s/^: \([^ ]*\) $/  {\"\1\", (void *) 0},/p'\'' -e '\''s/^[ABCDGIRSTW]* \([^ ]*\) \(lib[^ ]*\)$/  {"\2", (void *) \&\2},/p'\'' -e '\''s/^[ABCDGIRSTW]* \([^ ]*\) \([^ ]*\)$/  {"lib\2", (void *) \&\2},/p'\'''
lt_cv_sys_global_symbol_to_cdecl='sed -n -e '\''s/^T .* \(.*\)$/extern int \1();/p'\'' -e '\''s/^[ABCDGIRSTW]* .* \(.*\)$/extern char \1;/p'\'''
lt_cv_sys_max_cmd_len=1572864
pkg_cv_GSTCTRL_CFLAGS='-pthread -I/usr/include/gstreamer-0.10 -I/usr/include/glib-2.0 -I/usr/lib/glib-2.0/include -I/usr/include/libxml2  '
pkg_cv_GSTCTRL_LIBS='-pthread -lgstcontroller-0.10 -lgstreamer-0.10 -lgobject-2.0 -lgmodule-2.0 -lxml2 -lgthread-2.0 -lrt -lglib-2.0  '
pkg_cv_GSTPB_BASE_CFLAGS='-pthread -I/usr/include/gstreamer-0.10 -I/usr/include/glib-2.0 -I/usr/lib/glib-2.0/include -I/usr/include/libxml2  '
pkg_cv_GSTPB_BASE_LIBS='-pthread -lgstreamer-0.10 -lgobject-2.0 -lgmodule-2.0 -lxml2 -lgthread-2.0 -lrt -lglib-2.0  '
pkg_cv_GST_BASE_CFLAGS='-pthread -I/usr/include/gstreamer-0.10 -I/usr/include/glib-2.0 -I/usr/lib/glib-2.0/include -I/usr/include/libxml2  '
pkg_cv_GST_BASE_LIBS='-pthread -lgstbase-0.10 -lgstreamer-0.10 -lgobject-2.0 -lgmodule-2.0 -lxml2 -lgthread-2.0 -lrt -lglib-2.0  '
pkg_cv_GST_CFLAGS='-pthread -I/usr/include/gstreamer-0.10 -I/usr/include/glib-2.0 -I/usr/lib/glib-2.0/include -I/usr/include/libxml2  '
pkg_cv_GST_LIBS='-pthread -lgstreamer-0.10 -lgobject-2.0 -lgmodule-2.0 -lxml2 -lgthread-2.0 -lrt -lglib-2.0  '
pkg_cv_OPENCV_CFLAGS='-I/usr/local/include/opencv -I/usr/local/include  '
pkg_cv_OPENCV_LIBS='-L/usr/local/lib -lopencv_core -lopencv_imgproc -lopencv_highgui -lopencv_ml -lopencv_video -lopencv_features2d -lopencv_calib3d -lopencv_objdetect -lopencv_contrib -lopencv_legacy -lopencv_flann  '

## ----------------- ##
## Output variables. ##
## ----------------- ##

ACLOCAL='${SHELL} /home/lavi/src/google-code/gst-chessboard/missing --run aclocal-1.11'
ACLOCAL_AMFLAGS='-I m4'
AMDEPBACKSLASH='\'
AMDEP_FALSE='#'
AMDEP_TRUE=''
AMTAR='${SHELL} /home/lavi/src/google-code/gst-chessboard/missing --run tar'
AR='ar'
AUTOCONF='${SHELL} /home/lavi/src/google-code/gst-chessboard/missing --run autoconf'
AUTOHEADER='${SHELL} /home/lavi/src/google-code/gst-chessboard/missing --run autoheader'
AUTOMAKE='${SHELL} /home/lavi/src/google-code/gst-chessboard/missing --run automake-1.11'
AWK='gawk'
CC='gcc'
CCDEPMODE='depmode=gcc3'
CFLAGS='-g -O2'
CPP='gcc -E'
CPPFLAGS=''
CYGPATH_W='echo'
DEFS='-DHAVE_CONFIG_H'
DEPDIR='.deps'
DSYMUTIL=''
DUMPBIN=''
ECHO_C=''
ECHO_N='-n'
ECHO_T=''
EGREP='/bin/grep -E'
EXEEXT=''
FGREP='/bin/grep -F'
GREP='/bin/grep'
GSTCTRL_CFLAGS='-pthread -I/usr/include/gstreamer-0.10 -I/usr/include/glib-2.0 -I/usr/lib/glib-2.0/include -I/usr/include/libxml2  '
GSTCTRL_LIBS='-pthread -lgstcontroller-0.10 -lgstreamer-0.10 -lgobject-2.0 -lgmodule-2.0 -lxml2 -lgthread-2.0 -lrt -lglib-2.0  '
GSTPB_BASE_CFLAGS='-pthread -I/usr/include/gstreamer-0.10 -I/usr/include/glib-2.0 -I/usr/lib/glib-2.0/include -I/usr/include/libxml2  '
GSTPB_BASE_LIBS='-pthread -lgstreamer-0.10 -lgobject-2.0 -lgmodule-2.0 -lxml2 -lgthread-2.0 -lrt -lglib-2.0  '
GST_BASE_CFLAGS='-pthread -I/usr/include/gstreamer-0.10 -I/usr/include/glib-2.0 -I/usr/lib/glib-2.0/include -I/usr/include/libxml2  '
GST_BASE_LIBS='-pthread -lgstbase-0.10 -lgstreamer-0.10 -lgobject-2.0 -lgmodule-2.0 -lxml2 -lgthread-2.0 -lrt -lglib-2.0  '
GST_CFLAGS='-pthread -I/usr/include/gstreamer-0.10 -I/usr/include/glib-2.0 -I/usr/lib/glib-2.0/include -I/usr/include/libxml2    -Wall -Werror'
GST_LIBS='-pthread -lgstreamer-0.10 -lgobject-2.0 -lgmodule-2.0 -lxml2 -lgthread-2.0 -lrt -lglib-2.0  '
GST_MAJORMINOR='0.10'
GST_PLUGIN_LDFLAGS='-module -avoid-version -export-symbols-regex _*\(gst_\|Gst\|GST_\).*'
GST_PLUGIN_VERSION='0.10.0.1'
GST_PLUGIN_VERSION_MAJOR='0'
GST_PLUGIN_VERSION_MICRO='0'
GST_PLUGIN_VERSION_MINOR='10'
GST_PLUGIN_VERSION_NANO='1'
GST_PLUGIN_VERSION_RELEASE='0.20110103.152847'
HAVE_PKGCONFIG='yes'
INSTALL_DATA='${INSTALL} -m 644'
INSTALL_PROGRAM='${INSTALL}'
INSTALL_SCRIPT='${INSTALL}'
INSTALL_STRIP_PROGRAM='$(install_sh) -c -s'
LD='/usr/bin/ld'
LDFLAGS=''
LIBOBJS=''
LIBS=''
LIBTOOL='$(SHELL) $(top_builddir)/libtool'
LIPO=''
LN_S='ln -s'
LTLIBOBJS=''
MAINT='#'
MAINTAINER_MODE_FALSE=''
MAINTAINER_MODE_TRUE='#'
MAKEINFO='${SHELL} /home/lavi/src/google-code/gst-chessboard/missing --run makeinfo'
MKDIR_P='/bin/mkdir -p'
NM='/usr/bin/nm -B'
NMEDIT=''
OBJDUMP='objdump'
OBJEXT='o'
OPENCV_CFLAGS='-I/usr/local/include/opencv -I/usr/local/include  '
OPENCV_LIBS='-L/usr/local/lib -lopencv_core -lopencv_imgproc -lopencv_highgui -lopencv_ml -lopencv_video -lopencv_features2d -lopencv_calib3d -lopencv_objdetect -lopencv_contrib -lopencv_legacy -lopencv_flann  '
OTOOL64=''
OTOOL=''
PACKAGE='gst-plugin'
PACKAGE_BUGREPORT=''
PACKAGE_NAME=''
PACKAGE_STRING=''
PACKAGE_TARNAME=''
PACKAGE_URL=''
PACKAGE_VERSION=''
PATH_SEPARATOR=':'
PKG_CONFIG='/usr/bin/pkg-config'
RANLIB='ranlib'
SED='/bin/sed'
SET_MAKE=''
SHELL='/bin/bash'
STRIP='strip'
VERSION='0.10.0.1'
ac_ct_CC='gcc'
ac_ct_DUMPBIN=''
am__EXEEXT_FALSE=''
am__EXEEXT_TRUE='#'
am__fastdepCC_FALSE='#'
am__fastdepCC_TRUE=''
am__include='include'
am__isrc=''
am__leading_dot='.'
am__quote=''
am__tar='${AMTAR} chof - "$$tardir"'
am__untar='${AMTAR} xf -'
bindir='${exec_prefix}/bin'
build='i686-pc-linux-gnu'
build_alias=''
build_cpu='i686'
build_os='linux-gnu'
build_vendor='pc'
datadir='${datarootdir}'
datarootdir='${prefix}/share'
docdir='${datarootdir}/doc/${PACKAGE}'
dvidir='${docdir}'
exec_prefix='${prefix}'
host='i686-pc-linux-gnu'
host_alias=''
host_cpu='i686'
host_os='linux-gnu'
host_vendor='pc'
htmldir='${docdir}'
includedir='${prefix}/include'
infodir='${datarootdir}/info'
install_sh='${SHELL} /home/lavi/src/google-code/gst-chessboard/install-sh'
libdir='${exec_prefix}/lib'
libexecdir='${exec_prefix}/libexec'
localedir='${datarootdir}/locale'
localstatedir='${prefix}/var'
lt_ECHO='echo'
mandir='${datarootdir}/man'
mkdir_p='/bin/mkdir -p'
oldincludedir='/usr/include'
pdfdir='${docdir}'
plugindir='$(libdir)/gstreamer-0.10'
prefix='/usr/local'
program_transform_name='s,x,x,'
psdir='${docdir}'
sbindir='${exec_prefix}/sbin'
sharedstatedir='${prefix}/com'
sysconfdir='${prefix}/etc'
target_alias=''

## ----------- ##
## confdefs.h. ##
## ----------- ##

/* confdefs.h */
#define PACKAGE_NAME ""
#define PACKAGE_TARNAME ""
#define PACKAGE_VERSION ""
#define PACKAGE_STRING ""
#define PACKAGE_BUGREPORT ""
#define PACKAGE_URL ""
#define GST_PLUGIN_VERSION "0.10.0.1"
#define GST_PLUGIN_VERSION_RELEASE "0.20110103.152847"
#define PACKAGE "gst-plugin"
#define VERSION "0.10.0.1"
#define PACKAGE "gst-plugin"
#define VERSION "0.10.0.1"
#define STDC_HEADERS 1
#define HAVE_SYS_TYPES_H 1
#define HAVE_SYS_STAT_H 1
#define HAVE_STDLIB_H 1
#define HAVE_STRING_H 1
#define HAVE_MEMORY_H 1
#define HAVE_STRINGS_H 1
#define HAVE_INTTYPES_H 1
#define HAVE_STDINT_H 1
#define HAVE_UNISTD_H 1
#define HAVE_DLFCN_H 1
#define LT_OBJDIR ".libs/"

configure: exit 0
